-------------------------------------------------------------------------------
Test set: runner.TestRunner
-------------------------------------------------------------------------------
Tests run: 5, Failures: 0, Errors: 1, Skipped: 0, Time elapsed: 17.398 s <<< FAILURE! - in runner.TestRunner
Búsqueda de vuelos en TravelNow.Búsqueda simple de vuelo (vuelo directo). # HU-001  Time elapsed: 6.224 s  <<< ERROR!
io.cucumber.junit.UndefinedStepException: 
The step 'ingreso origen "Santiago" y destino "Buenos Aires" y fecha "2025-11-15"' and 3 other step(s) are undefined.
You can implement these steps using the snippet(s) below:

@When("ingreso origen {string} y destino {string} y fecha {string}")
public void ingreso_origen_y_destino_y_fecha(String string, String string2, String string3) {
    // Write code here that turns the phrase above into concrete actions
    throw new io.cucumber.java.PendingException();
}
@When("selecciono {string}")
public void selecciono(String string) {
    // Write code here that turns the phrase above into concrete actions
    throw new io.cucumber.java.PendingException();
}
@Then("veo resultados de vuelos disponibles")
public void veo_resultados_de_vuelos_disponibles() {
    // Write code here that turns the phrase above into concrete actions
    throw new io.cucumber.java.PendingException();
}
@Then("cada resultado muestra aerolínea, hora y precio")
public void cada_resultado_muestra_aerolínea_hora_y_precio() {
    // Write code here that turns the phrase above into concrete actions
    throw new io.cucumber.java.PendingException();
}


