<?xml version="1.0" encoding="UTF-8"?>
<testsuite xmlns:xsi="http://www.w3.org/2001/XMLSchema-instance" xsi:noNamespaceSchemaLocation="https://maven.apache.org/surefire/maven-surefire-plugin/xsd/surefire-test-report-3.0.xsd" version="3.0" name="runner.TestRunner" time="17.398" tests="5" errors="1" skipped="0" failures="0">
  <properties>
[...]
</properties>
  <testcase name="Búsqueda simple de vuelo (vuelo directo). # HU-001" classname="Búsqueda de vuelos en TravelNow" time="6.224">
    <error message="The step &apos;ingreso origen &quot;Santiago&quot; y destino &quot;Buenos Aires&quot; y fecha &quot;2025-11-15&quot;&apos; and 3 other step(s) are undefined.&#10;You can implement these steps using the snippet(s) below:&#10;&#10;@When(&quot;ingreso origen {string} y destino {string} y fecha {string}&quot;)&#10;public void ingreso_origen_y_destino_y_fecha(String string, String string2, String string3) {&#10;    // Write code here that turns the phrase above into concrete actions&#10;    throw new io.cucumber.java.PendingException();&#10;}&#10;@When(&quot;selecciono {string}&quot;)&#10;public void selecciono(String string) {&#10;    // Write code here that turns the phrase above into concrete actions&#10;    throw new io.cucumber.java.PendingException();&#10;}&#10;@Then(&quot;veo resultados de vuelos disponibles&quot;)&#10;public void veo_resultados_de_vuelos_disponibles() {&#10;    // Write code here that turns the phrase above into concrete actions&#10;    throw new io.cucumber.java.PendingException();&#10;}&#10;@Then(&quot;cada resultado muestra aerolínea, hora y precio&quot;)&#10;public void cada_resultado_muestra_aerolínea_hora_y_precio() {&#10;    // Write code here that turns the phrase above into concrete actions&#10;    throw new io.cucumber.java.PendingException();&#10;}&#10;" type="io.cucumber.junit.UndefinedStepException"><![CDATA[io.cucumber.junit.UndefinedStepException: 
The step 'ingreso origen "Santiago" y destino "Buenos Aires" y fecha "2025-11-15"' and 3 other step(s) are undefined.
You can implement these steps using the snippet(s) below:

@When("ingreso origen {string} y destino {string} y fecha {string}")
public void ingreso_origen_y_destino_y_fecha(String string, String string2, String string3) {
    // Write code here that turns the phrase above into concrete actions
    throw new io.cucumber.java.PendingException();
}
@When("selecciono {string}")
public void selecciono(String string) {
    // Write code here that turns the phrase above into concrete actions
    throw new io.cucumber.java.PendingException();
}
@Then("veo resultados de vuelos disponibles")
public void veo_resultados_de_vuelos_disponibles() {
    // Write code here that turns the phrase above into concrete actions
    throw new io.cucumber.java.PendingException();
}
@Then("cada resultado muestra aerolínea, hora y precio")
public void cada_resultado_muestra_aerolínea_hora_y_precio() {
    // Write code here that turns the phrase above into concrete actions
    throw new io.cucumber.java.PendingException();
}

]]></error>
    <system-out><![CDATA[
@SmokeTest @Busqueda
Scenario: Búsqueda simple de vuelo (vuelo directo). # HU-001                   # src/test/resources/features/busqueda.feature:8
=== Navegador Edge iniciado correctamente ===
  Given que estoy en la página principal de TravelNow                          # steps.SearchSteps.estoy_en_pagina_principal()
  When ingreso origen "Santiago" y destino "Buenos Aires" y fecha "2025-11-15"
  And selecciono "Solo ida"
  Then veo resultados de vuelos disponibles
  And cada resultado muestra aerolínea, hora y precio
=== Navegador cerrado correctamente ===
]]></system-out>
    <system-err><![CDATA[oct 22, 2025 7:49:07 P. M. org.openqa.selenium.manager.SeleniumManager lambda$runCommand$1
ADVERTENCIA: Exception trying to discover msedgedriver version: error sending request for url (https://msedgedriver.azureedge.net/LATEST_RELEASE_141_WINDOWS): error trying to connect: unexpected eof while tunneling
SLF4J: No SLF4J providers were found.
SLF4J: Defaulting to no-operation (NOP) logger implementation
SLF4J: See https://www.slf4j.org/codes.html#noProviders for further details.
oct 22, 2025 7:49:10 P. M. org.openqa.selenium.devtools.CdpVersionFinder findNearestMatch
ADVERTENCIA: Unable to find CDP implementation matching 141
oct 22, 2025 7:49:10 P. M. org.openqa.selenium.chromium.ChromiumDriver lambda$new$5
ADVERTENCIA: Unable to find version of CDP to use for 141.0.3537.92. You may need to include a dependency on a specific version of the CDP using something similar to `org.seleniumhq.selenium:selenium-devtools-v86:4.11.0` where the version ("v86") matches the version of the chromium-based browser you're using and the version number of the artifact is the same as Selenium's.
]]></system-err>
  </testcase>
  <testcase name="Cancelación de reserva válida # HU-003" classname="Cancelación de reserva en TravelNow" time="2.764">
    <system-out><![CDATA[
@Cancelacion @Reserva
Scenario: Cancelación de reserva válida # HU-003       # src/test/resources/features/cancelacion.feature:8
=== Navegador Edge iniciado correctamente ===
  Given que tengo una reserva con código "ABC123"      # steps.CancelSteps.tengo_reserva(java.lang.String)
  When solicito la cancelación por el panel de usuario # steps.CancelSteps.solicito_cancelacion()
  Then la reserva queda con estado "CANCELLED"         # steps.CancelSteps.reserva_estado(java.lang.String)
  And recibo confirmación por correo                   # steps.CancelSteps.recibo_confirmacion_correo()
=== Navegador cerrado correctamente ===
]]></system-out>
    <system-err><![CDATA[oct 22, 2025 7:49:12 P. M. org.openqa.selenium.manager.SeleniumManager lambda$runCommand$1
ADVERTENCIA: Exception trying to discover msedgedriver version: error sending request for url (https://msedgedriver.azureedge.net/LATEST_RELEASE_141_WINDOWS): error trying to connect: unexpected eof while tunneling
oct 22, 2025 7:49:13 P. M. org.openqa.selenium.devtools.CdpVersionFinder findNearestMatch
ADVERTENCIA: Unable to find CDP implementation matching 141
oct 22, 2025 7:49:13 P. M. org.openqa.selenium.chromium.ChromiumDriver lambda$new$5
ADVERTENCIA: Unable to find version of CDP to use for 141.0.3537.92. You may need to include a dependency on a specific version of the CDP using something similar to `org.seleniumhq.selenium:selenium-devtools-v86:4.11.0` where the version ("v86") matches the version of the chromium-based browser you're using and the version number of the artifact is the same as Selenium's.
]]></system-err>
  </testcase>
  <testcase name="Reserva con distintos tipos de pasajero  # HU-002 #1" classname="Reserva de vuelo en TravelNow" time="2.109">
    <system-out><![CDATA[
@Reserva
Scenario Outline: Reserva con distintos tipos de pasajero  # HU-002               # src/test/resources/features/reserva.feature:18
=== Navegador Edge iniciado correctamente ===
  Given que estoy en la página de resultados                                      # steps.BookingSteps.estoy_en_resultados()
  And selecciono el vuelo con referencia "FR123"                                  # steps.BookingSteps.selecciono_vuelo(java.lang.String)
  When completo los datos del pasajero nombre "Juan Perez" y documento "12345678" # steps.BookingSteps.completo_datos_pasajero(java.lang.String,java.lang.String)
  And procedo al pago con tarjeta "VISA"                                          # steps.BookingSteps.proc_pago(java.lang.String)
  Then la reserva debe terminar con estado "CONFIRMED"                            # steps.BookingSteps.ver_estado(java.lang.String)
  And recibo un código de reserva                                                 # steps.BookingSteps.recibo_codigo_reserva()
=== Navegador cerrado correctamente ===
]]></system-out>
    <system-err><![CDATA[oct 22, 2025 7:49:14 P. M. org.openqa.selenium.manager.SeleniumManager lambda$runCommand$1
ADVERTENCIA: Exception trying to discover msedgedriver version: error sending request for url (https://msedgedriver.azureedge.net/LATEST_RELEASE_141_WINDOWS): error trying to connect: unexpected eof while tunneling
oct 22, 2025 7:49:15 P. M. org.openqa.selenium.devtools.CdpVersionFinder findNearestMatch
ADVERTENCIA: Unable to find CDP implementation matching 141
oct 22, 2025 7:49:15 P. M. org.openqa.selenium.chromium.ChromiumDriver lambda$new$5
ADVERTENCIA: Unable to find version of CDP to use for 141.0.3537.92. You may need to include a dependency on a specific version of the CDP using something similar to `org.seleniumhq.selenium:selenium-devtools-v86:4.11.0` where the version ("v86") matches the version of the chromium-based browser you're using and the version number of the artifact is the same as Selenium's.
]]></system-err>
  </testcase>
  <testcase name="Reserva con distintos tipos de pasajero  # HU-002 #2" classname="Reserva de vuelo en TravelNow" time="2.511">
    <system-out><![CDATA[
@Reserva
Scenario Outline: Reserva con distintos tipos de pasajero  # HU-002               # src/test/resources/features/reserva.feature:19
=== Navegador Edge iniciado correctamente ===
  Given que estoy en la página de resultados                                      # steps.BookingSteps.estoy_en_resultados()
  And selecciono el vuelo con referencia "FR456"                                  # steps.BookingSteps.selecciono_vuelo(java.lang.String)
  When completo los datos del pasajero nombre "Maria Diaz" y documento "87654321" # steps.BookingSteps.completo_datos_pasajero(java.lang.String,java.lang.String)
  And procedo al pago con tarjeta "MASTERCARD"                                    # steps.BookingSteps.proc_pago(java.lang.String)
  Then la reserva debe terminar con estado "CONFIRMED"                            # steps.BookingSteps.ver_estado(java.lang.String)
  And recibo un código de reserva                                                 # steps.BookingSteps.recibo_codigo_reserva()
=== Navegador cerrado correctamente ===
]]></system-out>
    <system-err><![CDATA[oct 22, 2025 7:49:17 P. M. org.openqa.selenium.manager.SeleniumManager lambda$runCommand$1
ADVERTENCIA: Exception trying to discover msedgedriver version: error sending request for url (https://msedgedriver.azureedge.net/LATEST_RELEASE_141_WINDOWS): error trying to connect: unexpected eof while tunneling
oct 22, 2025 7:49:18 P. M. org.openqa.selenium.devtools.CdpVersionFinder findNearestMatch
ADVERTENCIA: Unable to find CDP implementation matching 141
oct 22, 2025 7:49:18 P. M. org.openqa.selenium.chromium.ChromiumDriver lambda$new$5
ADVERTENCIA: Unable to find version of CDP to use for 141.0.3537.92. You may need to include a dependency on a specific version of the CDP using something similar to `org.seleniumhq.selenium:selenium-devtools-v86:4.11.0` where the version ("v86") matches the version of the chromium-based browser you're using and the version number of the artifact is the same as Selenium's.
]]></system-err>
  </testcase>
  <testcase name="Reserva con distintos tipos de pasajero  # HU-002 #3" classname="Reserva de vuelo en TravelNow" time="2.436">
    <system-out><![CDATA[
@Reserva
Scenario Outline: Reserva con distintos tipos de pasajero  # HU-002                # src/test/resources/features/reserva.feature:20
=== Navegador Edge iniciado correctamente ===
  Given que estoy en la página de resultados                                       # steps.BookingSteps.estoy_en_resultados()
  And selecciono el vuelo con referencia "FR789"                                   # steps.BookingSteps.selecciono_vuelo(java.lang.String)
  When completo los datos del pasajero nombre "Pedro Gomez" y documento "11223344" # steps.BookingSteps.completo_datos_pasajero(java.lang.String,java.lang.String)
  And procedo al pago con tarjeta "VISA"                                           # steps.BookingSteps.proc_pago(java.lang.String)
  Then la reserva debe terminar con estado "CONFIRMED"                             # steps.BookingSteps.ver_estado(java.lang.String)
  And recibo un código de reserva                                                  # steps.BookingSteps.recibo_codigo_reserva()
=== Navegador cerrado correctamente ===
]]></system-out>
    <system-err><![CDATA[oct 22, 2025 7:49:19 P. M. org.openqa.selenium.manager.SeleniumManager lambda$runCommand$1
ADVERTENCIA: Exception trying to discover msedgedriver version: error sending request for url (https://msedgedriver.azureedge.net/LATEST_RELEASE_141_WINDOWS): error trying to connect: unexpected eof while tunneling
oct 22, 2025 7:49:20 P. M. org.openqa.selenium.devtools.CdpVersionFinder findNearestMatch
ADVERTENCIA: Unable to find CDP implementation matching 141
oct 22, 2025 7:49:20 P. M. org.openqa.selenium.chromium.ChromiumDriver lambda$new$5
ADVERTENCIA: Unable to find version of CDP to use for 141.0.3537.92. You may need to include a dependency on a specific version of the CDP using something similar to `org.seleniumhq.selenium:selenium-devtools-v86:4.11.0` where the version ("v86") matches the version of the chromium-based browser you're using and the version number of the artifact is the same as Selenium's.
]]></system-err>
  </testcase>
</testsuite>