<?xml version="1.0" encoding="UTF-8"?>
<testsuite xmlns:xsi="http://www.w3.org/2001/XMLSchema-instance" xsi:noNamespaceSchemaLocation="https://maven.apache.org/surefire/maven-surefire-plugin/xsd/surefire-test-report-3.0.xsd" version="3.0" name="runner.TestRunner" time="1.072" tests="5" errors="5" skipped="0" failures="0">
  <properties>
[...]
</properties>
  <testcase name="Búsqueda simple de vuelo (vuelo directo). # HU-001" classname="Búsqueda de vuelos en TravelNow" time="0.231">
    <error message="msedgedriver located at C:\drivers\msedgedriver.exe, but invalid&#10;For documentation on this error, please visit: https://www.selenium.dev/documentation/webdriver/troubleshooting/errors/driver_location/&#10;Build info: version: &apos;4.11.0&apos;, revision: &apos;040bc5406b&apos;&#10;System info: os.name: &apos;Windows 11&apos;, os.arch: &apos;amd64&apos;, os.version: &apos;10.0&apos;, java.version: &apos;21.0.8&apos;&#10;Driver info: driver.version: EdgeDriver" type="org.openqa.selenium.remote.NoSuchDriverException"><![CDATA[org.openqa.selenium.remote.NoSuchDriverException: 
msedgedriver located at C:\drivers\msedgedriver.exe, but invalid
For documentation on this error, please visit: https://www.selenium.dev/documentation/webdriver/troubleshooting/errors/driver_location/
Build info: version: '4.11.0', revision: '040bc5406b'
System info: os.name: 'Windows 11', os.arch: 'amd64', os.version: '10.0', java.version: '21.0.8'
Driver info: driver.version: EdgeDriver
	at org.openqa.selenium.remote.service.DriverFinder.getPath(DriverFinder.java:45)
	at org.openqa.selenium.remote.service.DriverFinder.getPath(DriverFinder.java:13)
	at org.openqa.selenium.edge.EdgeDriver.generateExecutor(EdgeDriver.java:71)
	at org.openqa.selenium.edge.EdgeDriver.<init>(EdgeDriver.java:60)
	at org.openqa.selenium.edge.EdgeDriver.<init>(EdgeDriver.java:56)
	at org.openqa.selenium.edge.EdgeDriver.<init>(EdgeDriver.java:48)
	at org.openqa.selenium.edge.EdgeDriver.<init>(EdgeDriver.java:44)
	at hooks.Hooks.setUp(Hooks.java:24)
]]></error>
    <system-out><![CDATA[
@SmokeTest @Busqueda
Scenario: Búsqueda simple de vuelo (vuelo directo). # HU-001                   # src/test/resources/features/busqueda.feature:8
      org.openqa.selenium.remote.NoSuchDriverException: msedgedriver located at C:\drivers\msedgedriver.exe, but invalid
For documentation on this error, please visit: https://www.selenium.dev/documentation/webdriver/troubleshooting/errors/driver_location/
Build info: version: '4.11.0', revision: '040bc5406b'
System info: os.name: 'Windows 11', os.arch: 'amd64', os.version: '10.0', java.version: '21.0.8'
Driver info: driver.version: EdgeDriver
	at org.openqa.selenium.remote.service.DriverFinder.getPath(DriverFinder.java:45)
	at org.openqa.selenium.remote.service.DriverFinder.getPath(DriverFinder.java:13)
	at org.openqa.selenium.edge.EdgeDriver.generateExecutor(EdgeDriver.java:71)
	at org.openqa.selenium.edge.EdgeDriver.<init>(EdgeDriver.java:60)
	at org.openqa.selenium.edge.EdgeDriver.<init>(EdgeDriver.java:56)
	at org.openqa.selenium.edge.EdgeDriver.<init>(EdgeDriver.java:48)
	at org.openqa.selenium.edge.EdgeDriver.<init>(EdgeDriver.java:44)
	at hooks.Hooks.setUp(Hooks.java:24)

  Given que estoy en la página principal de TravelNow                          # steps.SearchSteps.estoy_en_pagina_principal()
  When ingreso origen "Santiago" y destino "Buenos Aires" y fecha "2025-11-15"
  And selecciono "Solo ida"
  Then veo resultados de vuelos disponibles
  And cada resultado muestra aerolínea, hora y precio
]]></system-out>
  </testcase>
  <testcase name="Cancelación de reserva válida # HU-003" classname="Cancelación de reserva en TravelNow" time="0.015">
    <error message="msedgedriver located at C:\drivers\msedgedriver.exe, but invalid&#10;For documentation on this error, please visit: https://www.selenium.dev/documentation/webdriver/troubleshooting/errors/driver_location/&#10;Build info: version: &apos;4.11.0&apos;, revision: &apos;040bc5406b&apos;&#10;System info: os.name: &apos;Windows 11&apos;, os.arch: &apos;amd64&apos;, os.version: &apos;10.0&apos;, java.version: &apos;21.0.8&apos;&#10;Driver info: driver.version: EdgeDriver" type="org.openqa.selenium.remote.NoSuchDriverException"><![CDATA[org.openqa.selenium.remote.NoSuchDriverException: 
msedgedriver located at C:\drivers\msedgedriver.exe, but invalid
For documentation on this error, please visit: https://www.selenium.dev/documentation/webdriver/troubleshooting/errors/driver_location/
Build info: version: '4.11.0', revision: '040bc5406b'
System info: os.name: 'Windows 11', os.arch: 'amd64', os.version: '10.0', java.version: '21.0.8'
Driver info: driver.version: EdgeDriver
	at org.openqa.selenium.remote.service.DriverFinder.getPath(DriverFinder.java:45)
	at org.openqa.selenium.remote.service.DriverFinder.getPath(DriverFinder.java:13)
	at org.openqa.selenium.edge.EdgeDriver.generateExecutor(EdgeDriver.java:71)
	at org.openqa.selenium.edge.EdgeDriver.<init>(EdgeDriver.java:60)
	at org.openqa.selenium.edge.EdgeDriver.<init>(EdgeDriver.java:56)
	at org.openqa.selenium.edge.EdgeDriver.<init>(EdgeDriver.java:48)
	at org.openqa.selenium.edge.EdgeDriver.<init>(EdgeDriver.java:44)
	at hooks.Hooks.setUp(Hooks.java:24)
]]></error>
    <system-out><![CDATA[
@Cancelacion @Reserva
Scenario: Cancelación de reserva válida # HU-003       # src/test/resources/features/cancelacion.feature:8
      org.openqa.selenium.remote.NoSuchDriverException: msedgedriver located at C:\drivers\msedgedriver.exe, but invalid
For documentation on this error, please visit: https://www.selenium.dev/documentation/webdriver/troubleshooting/errors/driver_location/
Build info: version: '4.11.0', revision: '040bc5406b'
System info: os.name: 'Windows 11', os.arch: 'amd64', os.version: '10.0', java.version: '21.0.8'
Driver info: driver.version: EdgeDriver
	at org.openqa.selenium.remote.service.DriverFinder.getPath(DriverFinder.java:45)
	at org.openqa.selenium.remote.service.DriverFinder.getPath(DriverFinder.java:13)
	at org.openqa.selenium.edge.EdgeDriver.generateExecutor(EdgeDriver.java:71)
	at org.openqa.selenium.edge.EdgeDriver.<init>(EdgeDriver.java:60)
	at org.openqa.selenium.edge.EdgeDriver.<init>(EdgeDriver.java:56)
	at org.openqa.selenium.edge.EdgeDriver.<init>(EdgeDriver.java:48)
	at org.openqa.selenium.edge.EdgeDriver.<init>(EdgeDriver.java:44)
	at hooks.Hooks.setUp(Hooks.java:24)

  Given que tengo una reserva con código "ABC123"      # steps.CancelSteps.tengo_reserva(java.lang.String)
  When solicito la cancelación por el panel de usuario # steps.CancelSteps.solicito_cancelacion()
  Then la reserva queda con estado "CANCELLED"         # steps.CancelSteps.reserva_estado(java.lang.String)
  And recibo confirmación por correo                   # steps.CancelSteps.recibo_confirmacion_correo()
]]></system-out>
  </testcase>
  <testcase name="Reserva con distintos tipos de pasajero  # HU-002 #1" classname="Reserva de vuelo en TravelNow" time="0.022">
    <error message="msedgedriver located at C:\drivers\msedgedriver.exe, but invalid&#10;For documentation on this error, please visit: https://www.selenium.dev/documentation/webdriver/troubleshooting/errors/driver_location/&#10;Build info: version: &apos;4.11.0&apos;, revision: &apos;040bc5406b&apos;&#10;System info: os.name: &apos;Windows 11&apos;, os.arch: &apos;amd64&apos;, os.version: &apos;10.0&apos;, java.version: &apos;21.0.8&apos;&#10;Driver info: driver.version: EdgeDriver" type="org.openqa.selenium.remote.NoSuchDriverException"><![CDATA[org.openqa.selenium.remote.NoSuchDriverException: 
msedgedriver located at C:\drivers\msedgedriver.exe, but invalid
For documentation on this error, please visit: https://www.selenium.dev/documentation/webdriver/troubleshooting/errors/driver_location/
Build info: version: '4.11.0', revision: '040bc5406b'
System info: os.name: 'Windows 11', os.arch: 'amd64', os.version: '10.0', java.version: '21.0.8'
Driver info: driver.version: EdgeDriver
	at org.openqa.selenium.remote.service.DriverFinder.getPath(DriverFinder.java:45)
	at org.openqa.selenium.remote.service.DriverFinder.getPath(DriverFinder.java:13)
	at org.openqa.selenium.edge.EdgeDriver.generateExecutor(EdgeDriver.java:71)
	at org.openqa.selenium.edge.EdgeDriver.<init>(EdgeDriver.java:60)
	at org.openqa.selenium.edge.EdgeDriver.<init>(EdgeDriver.java:56)
	at org.openqa.selenium.edge.EdgeDriver.<init>(EdgeDriver.java:48)
	at org.openqa.selenium.edge.EdgeDriver.<init>(EdgeDriver.java:44)
	at hooks.Hooks.setUp(Hooks.java:24)
]]></error>
    <system-out><![CDATA[
@Reserva
Scenario Outline: Reserva con distintos tipos de pasajero  # HU-002               # src/test/resources/features/reserva.feature:18
      org.openqa.selenium.remote.NoSuchDriverException: msedgedriver located at C:\drivers\msedgedriver.exe, but invalid
For documentation on this error, please visit: https://www.selenium.dev/documentation/webdriver/troubleshooting/errors/driver_location/
Build info: version: '4.11.0', revision: '040bc5406b'
System info: os.name: 'Windows 11', os.arch: 'amd64', os.version: '10.0', java.version: '21.0.8'
Driver info: driver.version: EdgeDriver
	at org.openqa.selenium.remote.service.DriverFinder.getPath(DriverFinder.java:45)
	at org.openqa.selenium.remote.service.DriverFinder.getPath(DriverFinder.java:13)
	at org.openqa.selenium.edge.EdgeDriver.generateExecutor(EdgeDriver.java:71)
	at org.openqa.selenium.edge.EdgeDriver.<init>(EdgeDriver.java:60)
	at org.openqa.selenium.edge.EdgeDriver.<init>(EdgeDriver.java:56)
	at org.openqa.selenium.edge.EdgeDriver.<init>(EdgeDriver.java:48)
	at org.openqa.selenium.edge.EdgeDriver.<init>(EdgeDriver.java:44)
	at hooks.Hooks.setUp(Hooks.java:24)

  Given que estoy en la página de resultados                                      # steps.BookingSteps.estoy_en_resultados()
  And selecciono el vuelo con referencia "FR123"                                  # steps.BookingSteps.selecciono_vuelo(java.lang.String)
  When completo los datos del pasajero nombre "Juan Perez" y documento "12345678" # steps.BookingSteps.completo_datos_pasajero(java.lang.String,java.lang.String)
  And procedo al pago con tarjeta "VISA"                                          # steps.BookingSteps.proc_pago(java.lang.String)
  Then la reserva debe terminar con estado "CONFIRMED"                            # steps.BookingSteps.ver_estado(java.lang.String)
  And recibo un código de reserva                                                 # steps.BookingSteps.recibo_codigo_reserva()
]]></system-out>
  </testcase>
  <testcase name="Reserva con distintos tipos de pasajero  # HU-002 #2" classname="Reserva de vuelo en TravelNow" time="0.013">
    <error message="msedgedriver located at C:\drivers\msedgedriver.exe, but invalid&#10;For documentation on this error, please visit: https://www.selenium.dev/documentation/webdriver/troubleshooting/errors/driver_location/&#10;Build info: version: &apos;4.11.0&apos;, revision: &apos;040bc5406b&apos;&#10;System info: os.name: &apos;Windows 11&apos;, os.arch: &apos;amd64&apos;, os.version: &apos;10.0&apos;, java.version: &apos;21.0.8&apos;&#10;Driver info: driver.version: EdgeDriver" type="org.openqa.selenium.remote.NoSuchDriverException"><![CDATA[org.openqa.selenium.remote.NoSuchDriverException: 
msedgedriver located at C:\drivers\msedgedriver.exe, but invalid
For documentation on this error, please visit: https://www.selenium.dev/documentation/webdriver/troubleshooting/errors/driver_location/
Build info: version: '4.11.0', revision: '040bc5406b'
System info: os.name: 'Windows 11', os.arch: 'amd64', os.version: '10.0', java.version: '21.0.8'
Driver info: driver.version: EdgeDriver
	at org.openqa.selenium.remote.service.DriverFinder.getPath(DriverFinder.java:45)
	at org.openqa.selenium.remote.service.DriverFinder.getPath(DriverFinder.java:13)
	at org.openqa.selenium.edge.EdgeDriver.generateExecutor(EdgeDriver.java:71)
	at org.openqa.selenium.edge.EdgeDriver.<init>(EdgeDriver.java:60)
	at org.openqa.selenium.edge.EdgeDriver.<init>(EdgeDriver.java:56)
	at org.openqa.selenium.edge.EdgeDriver.<init>(EdgeDriver.java:48)
	at org.openqa.selenium.edge.EdgeDriver.<init>(EdgeDriver.java:44)
	at hooks.Hooks.setUp(Hooks.java:24)
]]></error>
    <system-out><![CDATA[
@Reserva
Scenario Outline: Reserva con distintos tipos de pasajero  # HU-002               # src/test/resources/features/reserva.feature:19
      org.openqa.selenium.remote.NoSuchDriverException: msedgedriver located at C:\drivers\msedgedriver.exe, but invalid
For documentation on this error, please visit: https://www.selenium.dev/documentation/webdriver/troubleshooting/errors/driver_location/
Build info: version: '4.11.0', revision: '040bc5406b'
System info: os.name: 'Windows 11', os.arch: 'amd64', os.version: '10.0', java.version: '21.0.8'
Driver info: driver.version: EdgeDriver
	at org.openqa.selenium.remote.service.DriverFinder.getPath(DriverFinder.java:45)
	at org.openqa.selenium.remote.service.DriverFinder.getPath(DriverFinder.java:13)
	at org.openqa.selenium.edge.EdgeDriver.generateExecutor(EdgeDriver.java:71)
	at org.openqa.selenium.edge.EdgeDriver.<init>(EdgeDriver.java:60)
	at org.openqa.selenium.edge.EdgeDriver.<init>(EdgeDriver.java:56)
	at org.openqa.selenium.edge.EdgeDriver.<init>(EdgeDriver.java:48)
	at org.openqa.selenium.edge.EdgeDriver.<init>(EdgeDriver.java:44)
	at hooks.Hooks.setUp(Hooks.java:24)

  Given que estoy en la página de resultados                                      # steps.BookingSteps.estoy_en_resultados()
  And selecciono el vuelo con referencia "FR456"                                  # steps.BookingSteps.selecciono_vuelo(java.lang.String)
  When completo los datos del pasajero nombre "Maria Diaz" y documento "87654321" # steps.BookingSteps.completo_datos_pasajero(java.lang.String,java.lang.String)
  And procedo al pago con tarjeta "MASTERCARD"                                    # steps.BookingSteps.proc_pago(java.lang.String)
  Then la reserva debe terminar con estado "CONFIRMED"                            # steps.BookingSteps.ver_estado(java.lang.String)
  And recibo un código de reserva                                                 # steps.BookingSteps.recibo_codigo_reserva()
]]></system-out>
  </testcase>
  <testcase name="Reserva con distintos tipos de pasajero  # HU-002 #3" classname="Reserva de vuelo en TravelNow" time="0.013">
    <error message="msedgedriver located at C:\drivers\msedgedriver.exe, but invalid&#10;For documentation on this error, please visit: https://www.selenium.dev/documentation/webdriver/troubleshooting/errors/driver_location/&#10;Build info: version: &apos;4.11.0&apos;, revision: &apos;040bc5406b&apos;&#10;System info: os.name: &apos;Windows 11&apos;, os.arch: &apos;amd64&apos;, os.version: &apos;10.0&apos;, java.version: &apos;21.0.8&apos;&#10;Driver info: driver.version: EdgeDriver" type="org.openqa.selenium.remote.NoSuchDriverException"><![CDATA[org.openqa.selenium.remote.NoSuchDriverException: 
msedgedriver located at C:\drivers\msedgedriver.exe, but invalid
For documentation on this error, please visit: https://www.selenium.dev/documentation/webdriver/troubleshooting/errors/driver_location/
Build info: version: '4.11.0', revision: '040bc5406b'
System info: os.name: 'Windows 11', os.arch: 'amd64', os.version: '10.0', java.version: '21.0.8'
Driver info: driver.version: EdgeDriver
	at org.openqa.selenium.remote.service.DriverFinder.getPath(DriverFinder.java:45)
	at org.openqa.selenium.remote.service.DriverFinder.getPath(DriverFinder.java:13)
	at org.openqa.selenium.edge.EdgeDriver.generateExecutor(EdgeDriver.java:71)
	at org.openqa.selenium.edge.EdgeDriver.<init>(EdgeDriver.java:60)
	at org.openqa.selenium.edge.EdgeDriver.<init>(EdgeDriver.java:56)
	at org.openqa.selenium.edge.EdgeDriver.<init>(EdgeDriver.java:48)
	at org.openqa.selenium.edge.EdgeDriver.<init>(EdgeDriver.java:44)
	at hooks.Hooks.setUp(Hooks.java:24)
]]></error>
    <system-out><![CDATA[
@Reserva
Scenario Outline: Reserva con distintos tipos de pasajero  # HU-002                # src/test/resources/features/reserva.feature:20
      org.openqa.selenium.remote.NoSuchDriverException: msedgedriver located at C:\drivers\msedgedriver.exe, but invalid
For documentation on this error, please visit: https://www.selenium.dev/documentation/webdriver/troubleshooting/errors/driver_location/
Build info: version: '4.11.0', revision: '040bc5406b'
System info: os.name: 'Windows 11', os.arch: 'amd64', os.version: '10.0', java.version: '21.0.8'
Driver info: driver.version: EdgeDriver
	at org.openqa.selenium.remote.service.DriverFinder.getPath(DriverFinder.java:45)
	at org.openqa.selenium.remote.service.DriverFinder.getPath(DriverFinder.java:13)
	at org.openqa.selenium.edge.EdgeDriver.generateExecutor(EdgeDriver.java:71)
	at org.openqa.selenium.edge.EdgeDriver.<init>(EdgeDriver.java:60)
	at org.openqa.selenium.edge.EdgeDriver.<init>(EdgeDriver.java:56)
	at org.openqa.selenium.edge.EdgeDriver.<init>(EdgeDriver.java:48)
	at org.openqa.selenium.edge.EdgeDriver.<init>(EdgeDriver.java:44)
	at hooks.Hooks.setUp(Hooks.java:24)

  Given que estoy en la página de resultados                                       # steps.BookingSteps.estoy_en_resultados()
  And selecciono el vuelo con referencia "FR789"                                   # steps.BookingSteps.selecciono_vuelo(java.lang.String)
  When completo los datos del pasajero nombre "Pedro Gomez" y documento "11223344" # steps.BookingSteps.completo_datos_pasajero(java.lang.String,java.lang.String)
  And procedo al pago con tarjeta "VISA"                                           # steps.BookingSteps.proc_pago(java.lang.String)
  Then la reserva debe terminar con estado "CONFIRMED"                             # steps.BookingSteps.ver_estado(java.lang.String)
  And recibo un código de reserva                                                  # steps.BookingSteps.recibo_codigo_reserva()
]]></system-out>
  </testcase>
</testsuite>